Build started 12/12/2015 19:26:20.
     1>Project "C:\Users\Jorge\OneDrive\Universidad\Cuarto\Cuatrimestre7\IG\Prácticas\VisualStudio\SmallPM\SmallPM\SmallPM_vs2010.vcxproj" on node 2 (Build target(s)).
     1>ClCompile:
         D:\Archivos de Programa\Visual Studio\VC\bin\CL.exe /c /I.\include /I.\SmallRT\include /I.\SmallRT\include /I.\include /Zi /nologo /W3 /WX- /O2 /Oi /Oy- /GL /D WIN32 /D NDEBUG /D _CONSOLE /D _UNICODE /D UNICODE /Gm- /EHsc /MD /GS /Gy /fp:precise /Zc:wchar_t /Zc:forScope /Fo"Release\\" /Fd"Release\vc120.pdb" /Gd /TP /analyze- /errorReport:prompt src\PhotonMapping.cpp
         PhotonMapping.cpp
     1>c:\users\jorge\onedrive\universidad\cuarto\cuatrimestre7\ig\prácticas\visualstudio\smallpm\smallpm\smallrt\include\Ray.h(26): warning C4305: 'initializing' : truncation from 'double' to 'const float'
     1>src\PhotonMapping.cpp(106): warning C4244: 'argument' : conversion from 'double' to 'const float', possible loss of data
       Link:
         D:\Archivos de Programa\Visual Studio\VC\bin\link.exe /ERRORREPORT:PROMPT /OUT:"C:\Users\Jorge\OneDrive\Universidad\Cuarto\Cuatrimestre7\IG\Prácticas\VisualStudio\SmallPM\Release\SmallPM.exe" /INCREMENTAL:NO /NOLOGO /LIBPATH:.\SmallRT\lib SmallRT_vs2013.lib kernel32.lib user32.lib gdi32.lib winspool.lib comdlg32.lib advapi32.lib shell32.lib ole32.lib oleaut32.lib uuid.lib odbc32.lib odbccp32.lib /MANIFEST /MANIFESTUAC:"level='asInvoker' uiAccess='false'" /manifest:embed /DEBUG /PDB:"C:\Users\Jorge\OneDrive\Universidad\Cuarto\Cuatrimestre7\IG\Prácticas\VisualStudio\SmallPM\Release\SmallPM.pdb" /SUBSYSTEM:CONSOLE /OPT:REF /OPT:ICF /LTCG /TLBID:1 /DYNAMICBASE /NXCOMPAT /IMPLIB:"C:\Users\Jorge\OneDrive\Universidad\Cuarto\Cuatrimestre7\IG\Prácticas\VisualStudio\SmallPM\Release\SmallPM.lib" /MACHINE:X86 /SAFESEH Release\main.obj
         Release\PhotonMapping.obj
         Release\RenderEngine.obj
         Generating code
         Finished generating code
     1>SmallRT_vs2013.lib(Film.obj) : warning LNK4099: PDB 'vc120.pdb' was not found with 'SmallRT_vs2013.lib(Film.obj)' or at 'C:\Users\Jorge\OneDrive\Universidad\Cuarto\Cuatrimestre7\IG\Prácticas\VisualStudio\SmallPM\Release\vc120.pdb'; linking object as if no debug info
     1>SmallRT_vs2013.lib(World.obj) : warning LNK4099: PDB 'vc120.pdb' was not found with 'SmallRT_vs2013.lib(World.obj)' or at 'C:\Users\Jorge\OneDrive\Universidad\Cuarto\Cuatrimestre7\IG\Prácticas\VisualStudio\SmallPM\Release\vc120.pdb'; linking object as if no debug info
     1>SmallRT_vs2013.lib(Object3D.obj) : warning LNK4099: PDB 'vc120.pdb' was not found with 'SmallRT_vs2013.lib(Object3D.obj)' or at 'C:\Users\Jorge\OneDrive\Universidad\Cuarto\Cuatrimestre7\IG\Prácticas\VisualStudio\SmallPM\Release\vc120.pdb'; linking object as if no debug info
     1>SmallRT_vs2013.lib(Lambertian.obj) : warning LNK4099: PDB 'vc120.pdb' was not found with 'SmallRT_vs2013.lib(Lambertian.obj)' or at 'C:\Users\Jorge\OneDrive\Universidad\Cuarto\Cuatrimestre7\IG\Prácticas\VisualStudio\SmallPM\Release\vc120.pdb'; linking object as if no debug info
     1>SmallRT_vs2013.lib(LightSource.obj) : warning LNK4099: PDB 'vc120.pdb' was not found with 'SmallRT_vs2013.lib(LightSource.obj)' or at 'C:\Users\Jorge\OneDrive\Universidad\Cuarto\Cuatrimestre7\IG\Prácticas\VisualStudio\SmallPM\Release\vc120.pdb'; linking object as if no debug info
     1>SmallRT_vs2013.lib(Specular.obj) : warning LNK4099: PDB 'vc120.pdb' was not found with 'SmallRT_vs2013.lib(Specular.obj)' or at 'C:\Users\Jorge\OneDrive\Universidad\Cuarto\Cuatrimestre7\IG\Prácticas\VisualStudio\SmallPM\Release\vc120.pdb'; linking object as if no debug info
     1>SmallRT_vs2013.lib(Mesh.obj) : warning LNK4099: PDB 'vc120.pdb' was not found with 'SmallRT_vs2013.lib(Mesh.obj)' or at 'C:\Users\Jorge\OneDrive\Universidad\Cuarto\Cuatrimestre7\IG\Prácticas\VisualStudio\SmallPM\Release\vc120.pdb'; linking object as if no debug info
     1>SmallRT_vs2013.lib(Triangle.obj) : warning LNK4099: PDB 'vc120.pdb' was not found with 'SmallRT_vs2013.lib(Triangle.obj)' or at 'C:\Users\Jorge\OneDrive\Universidad\Cuarto\Cuatrimestre7\IG\Prácticas\VisualStudio\SmallPM\Release\vc120.pdb'; linking object as if no debug info
     1>SmallRT_vs2013.lib(Sphere.obj) : warning LNK4099: PDB 'vc120.pdb' was not found with 'SmallRT_vs2013.lib(Sphere.obj)' or at 'C:\Users\Jorge\OneDrive\Universidad\Cuarto\Cuatrimestre7\IG\Prácticas\VisualStudio\SmallPM\Release\vc120.pdb'; linking object as if no debug info
     1>SmallRT_vs2013.lib(Vector3.obj) : warning LNK4099: PDB 'vc120.pdb' was not found with 'SmallRT_vs2013.lib(Vector3.obj)' or at 'C:\Users\Jorge\OneDrive\Universidad\Cuarto\Cuatrimestre7\IG\Prácticas\VisualStudio\SmallPM\Release\vc120.pdb'; linking object as if no debug info
     1>SmallRT_vs2013.lib(Transmissive.obj) : warning LNK4099: PDB 'vc120.pdb' was not found with 'SmallRT_vs2013.lib(Transmissive.obj)' or at 'C:\Users\Jorge\OneDrive\Universidad\Cuarto\Cuatrimestre7\IG\Prácticas\VisualStudio\SmallPM\Release\vc120.pdb'; linking object as if no debug info
     1>SmallRT_vs2013.lib(Camera.obj) : warning LNK4099: PDB 'vc120.pdb' was not found with 'SmallRT_vs2013.lib(Camera.obj)' or at 'C:\Users\Jorge\OneDrive\Universidad\Cuarto\Cuatrimestre7\IG\Prácticas\VisualStudio\SmallPM\Release\vc120.pdb'; linking object as if no debug info
     1>SmallRT_vs2013.lib(Intersection.obj) : warning LNK4099: PDB 'vc120.pdb' was not found with 'SmallRT_vs2013.lib(Intersection.obj)' or at 'C:\Users\Jorge\OneDrive\Universidad\Cuarto\Cuatrimestre7\IG\Prácticas\VisualStudio\SmallPM\Release\vc120.pdb'; linking object as if no debug info
     1>SmallRT_vs2013.lib(Ray.obj) : warning LNK4099: PDB 'vc120.pdb' was not found with 'SmallRT_vs2013.lib(Ray.obj)' or at 'C:\Users\Jorge\OneDrive\Universidad\Cuarto\Cuatrimestre7\IG\Prácticas\VisualStudio\SmallPM\Release\vc120.pdb'; linking object as if no debug info
     1>SmallRT_vs2013.lib(Vector2.obj) : warning LNK4099: PDB 'vc120.pdb' was not found with 'SmallRT_vs2013.lib(Vector2.obj)' or at 'C:\Users\Jorge\OneDrive\Universidad\Cuarto\Cuatrimestre7\IG\Prácticas\VisualStudio\SmallPM\Release\vc120.pdb'; linking object as if no debug info
     1>SmallRT_vs2013.lib(BVH.obj) : warning LNK4099: PDB 'vc120.pdb' was not found with 'SmallRT_vs2013.lib(BVH.obj)' or at 'C:\Users\Jorge\OneDrive\Universidad\Cuarto\Cuatrimestre7\IG\Prácticas\VisualStudio\SmallPM\Release\vc120.pdb'; linking object as if no debug info
         SmallPM_vs2010.vcxproj -> C:\Users\Jorge\OneDrive\Universidad\Cuarto\Cuatrimestre7\IG\Prácticas\VisualStudio\SmallPM\Release\SmallPM.exe
     1>Done Building Project "C:\Users\Jorge\OneDrive\Universidad\Cuarto\Cuatrimestre7\IG\Prácticas\VisualStudio\SmallPM\SmallPM\SmallPM_vs2010.vcxproj" (Build target(s)).

Build succeeded.

Time Elapsed 00:00:10.72
